[0.043s] Invoking command in '/home/auric/ros2_ws/TeleARM/build/TeleARM': CMAKE_PREFIX_PATH=/opt/ros/humble /usr/bin/cmake /home/auric/ros2_ws/TeleARM -DCMAKE_INSTALL_PREFIX=/home/auric/ros2_ws/TeleARM/install/TeleARM
[0.381s] -- The C compiler identification is GNU 11.4.0
[1.050s] -- The CXX compiler identification is GNU 11.4.0
[1.436s] -- Detecting C compiler ABI info
[1.627s] -- Detecting C compiler ABI info - done
[1.634s] -- Check for working C compiler: /usr/lib/ccache/cc - skipped
[1.635s] -- Detecting C compile features
[1.635s] -- Detecting C compile features - done
[1.641s] -- Detecting CXX compiler ABI info
[1.819s] -- Detecting CXX compiler ABI info - done
[1.826s] -- Check for working CXX compiler: /usr/lib/ccache/c++ - skipped
[1.826s] -- Detecting CXX compile features
[1.827s] -- Detecting CXX compile features - done
[1.882s] -- Found ament_cmake: 1.3.14 (/opt/ros/humble/share/ament_cmake/cmake)
[2.285s] -- Found Python3: /usr/bin/python3 (found version "3.10.12") found components: Interpreter 
[2.449s] -- Found ament_lint_auto: 0.12.15 (/opt/ros/humble/share/ament_lint_auto/cmake)
[2.505s] WARNING: Package name "TeleARM" does not follow the naming conventions. It should start with a lower case letter and only contain lower case letters, digits, underscores, and dashes.
[2.608s] -- Added test 'cppcheck' to perform static code analysis on C / C++ code
[2.609s] -- Configured cppcheck include dirs: 
[2.609s] -- Configured cppcheck exclude dirs and/or files: 
[2.615s] -- Added test 'flake8' to check Python code syntax and style conventions
[2.622s] -- Added test 'lint_cmake' to check CMake code style
[2.626s] -- Added test 'pep257' to check Python code against some of the docstring style conventions in PEP 257
[2.656s] -- Added test 'uncrustify' to check C / C++ code style
[2.656s] -- Configured uncrustify additional arguments: 
[2.662s] -- Added test 'xmllint' to check XML markup files
[2.668s] -- Configuring done
[2.677s] -- Generating done
[2.681s] -- Build files have been written to: /home/auric/ros2_ws/TeleARM/build/TeleARM
[2.694s] Invoked command in '/home/auric/ros2_ws/TeleARM/build/TeleARM' returned '0': CMAKE_PREFIX_PATH=/opt/ros/humble /usr/bin/cmake /home/auric/ros2_ws/TeleARM -DCMAKE_INSTALL_PREFIX=/home/auric/ros2_ws/TeleARM/install/TeleARM
[2.696s] Invoking command in '/home/auric/ros2_ws/TeleARM/build/TeleARM': CMAKE_PREFIX_PATH=/opt/ros/humble /usr/bin/cmake --build /home/auric/ros2_ws/TeleARM/build/TeleARM -- -j16 -l16
[2.744s] Invoked command in '/home/auric/ros2_ws/TeleARM/build/TeleARM' returned '0': CMAKE_PREFIX_PATH=/opt/ros/humble /usr/bin/cmake --build /home/auric/ros2_ws/TeleARM/build/TeleARM -- -j16 -l16
[2.759s] Invoking command in '/home/auric/ros2_ws/TeleARM/build/TeleARM': CMAKE_PREFIX_PATH=/opt/ros/humble /usr/bin/cmake --install /home/auric/ros2_ws/TeleARM/build/TeleARM
[2.772s] -- Install configuration: ""
[2.772s] -- Installing: /home/auric/ros2_ws/TeleARM/install/TeleARM/share/TeleARM/launch
[2.774s] -- Installing: /home/auric/ros2_ws/TeleARM/install/TeleARM/share/TeleARM/launch/online_async_launch.py
[2.775s] -- Installing: /home/auric/ros2_ws/TeleARM/install/TeleARM/share/TeleARM/launch/gazebo.launch.py
[2.775s] -- Installing: /home/auric/ros2_ws/TeleARM/install/TeleARM/share/TeleARM/launch/mapper_params_online_async.yaml
[2.776s] -- Installing: /home/auric/ros2_ws/TeleARM/install/TeleARM/share/TeleARM/launch/navigation.launch.py
[2.776s] -- Installing: /home/auric/ros2_ws/TeleARM/install/TeleARM/share/TeleARM/launch/__pycache__
[2.777s] -- Installing: /home/auric/ros2_ws/TeleARM/install/TeleARM/share/TeleARM/launch/__pycache__/gazebo.launch.cpython-310.pyc
[2.778s] -- Installing: /home/auric/ros2_ws/TeleARM/install/TeleARM/share/TeleARM/urdf
[2.778s] -- Installing: /home/auric/ros2_ws/TeleARM/install/TeleARM/share/TeleARM/urdf/telearm.urdf.xacro
[2.778s] -- Installing: /home/auric/ros2_ws/TeleARM/install/TeleARM/share/TeleARM/config
[2.779s] -- Installing: /home/auric/ros2_ws/TeleARM/install/TeleARM/share/TeleARM/config/slam_config.rviz
[2.779s] -- Installing: /home/auric/ros2_ws/TeleARM/install/TeleARM/share/TeleARM/config/diff_drive_controller.yaml
[2.780s] -- Installing: /home/auric/ros2_ws/TeleARM/install/TeleARM/share/TeleARM/config/slam.rviz
[2.781s] -- Installing: /home/auric/ros2_ws/TeleARM/install/TeleARM/share/TeleARM/config/nav2_params.yaml
[2.781s] -- Installing: /home/auric/ros2_ws/TeleARM/install/TeleARM/share/TeleARM/meshes
[2.782s] -- Installing: /home/auric/ros2_ws/TeleARM/install/TeleARM/share/TeleARM/meshes/body.STL
[2.783s] -- Installing: /home/auric/ros2_ws/TeleARM/install/TeleARM/share/TeleARM/meshes/window.STL
[2.784s] -- Installing: /home/auric/ros2_ws/TeleARM/install/TeleARM/share/TeleARM/meshes/.gitkeep
[2.784s] -- Installing: /home/auric/ros2_ws/TeleARM/install/TeleARM/share/TeleARM/meshes/wheel.STL
[2.790s] [31mCMake Error at cmake_install.cmake:55 (file):
[2.790s]   file INSTALL cannot find
[2.790s]   "/home/auric/ros2_ws/TeleARM/warehouse_cleanup_sim/cleanup_controller.py":
[2.790s]   No such file or directory.
[2.790s] 
[2.790s] [0m
[2.794s] Invoked command in '/home/auric/ros2_ws/TeleARM/build/TeleARM' returned '1': CMAKE_PREFIX_PATH=/opt/ros/humble /usr/bin/cmake --install /home/auric/ros2_ws/TeleARM/build/TeleARM
