[0.151s] Invoking command in '/home/auric/ros2_ws/TeleARM/build/TeleARM': CMAKE_PREFIX_PATH=${CMAKE_PREFIX_PATH}:/opt/ros/humble /usr/bin/cmake --build /home/auric/ros2_ws/TeleARM/build/TeleARM -- -j16 -l16
[0.449s] Invoked command in '/home/auric/ros2_ws/TeleARM/build/TeleARM' returned '0': CMAKE_PREFIX_PATH=${CMAKE_PREFIX_PATH}:/opt/ros/humble /usr/bin/cmake --build /home/auric/ros2_ws/TeleARM/build/TeleARM -- -j16 -l16
[0.537s] Invoking command in '/home/auric/ros2_ws/TeleARM/build/TeleARM': CMAKE_PREFIX_PATH=${CMAKE_PREFIX_PATH}:/opt/ros/humble /usr/bin/cmake --install /home/auric/ros2_ws/TeleARM/build/TeleARM
[0.598s] -- Install configuration: ""
[0.600s] -- Up-to-date: /home/auric/ros2_ws/TeleARM/install/TeleARM/share/TeleARM/launch
[0.601s] -- Up-to-date: /home/auric/ros2_ws/TeleARM/install/TeleARM/share/TeleARM/launch/online_async_launch.py
[0.601s] -- Up-to-date: /home/auric/ros2_ws/TeleARM/install/TeleARM/share/TeleARM/launch/gazebo.launch.py
[0.601s] -- Up-to-date: /home/auric/ros2_ws/TeleARM/install/TeleARM/share/TeleARM/launch/mapper_params_online_async.yaml
[0.603s] -- Up-to-date: /home/auric/ros2_ws/TeleARM/install/TeleARM/share/TeleARM/launch/navigation.launch.py
[0.605s] -- Up-to-date: /home/auric/ros2_ws/TeleARM/install/TeleARM/share/TeleARM/launch/__pycache__
[0.607s] -- Installing: /home/auric/ros2_ws/TeleARM/install/TeleARM/share/TeleARM/launch/__pycache__/gazebo.launch.cpython-310.pyc
[0.608s] -- Up-to-date: /home/auric/ros2_ws/TeleARM/install/TeleARM/share/TeleARM/urdf
[0.611s] -- Installing: /home/auric/ros2_ws/TeleARM/install/TeleARM/share/TeleARM/urdf/telearm.urdf.xacro
[0.613s] -- Up-to-date: /home/auric/ros2_ws/TeleARM/install/TeleARM/share/TeleARM/config
[0.615s] -- Up-to-date: /home/auric/ros2_ws/TeleARM/install/TeleARM/share/TeleARM/config/slam_config.rviz
[0.617s] -- Up-to-date: /home/auric/ros2_ws/TeleARM/install/TeleARM/share/TeleARM/config/diff_drive_controller.yaml
[0.619s] -- Up-to-date: /home/auric/ros2_ws/TeleARM/install/TeleARM/share/TeleARM/config/slam.rviz
[0.620s] -- Up-to-date: /home/auric/ros2_ws/TeleARM/install/TeleARM/share/TeleARM/config/nav2_params.yaml
[0.620s] -- Up-to-date: /home/auric/ros2_ws/TeleARM/install/TeleARM/share/TeleARM/meshes
[0.621s] -- Up-to-date: /home/auric/ros2_ws/TeleARM/install/TeleARM/share/TeleARM/meshes/body.STL
[0.623s] -- Up-to-date: /home/auric/ros2_ws/TeleARM/install/TeleARM/share/TeleARM/meshes/window.STL
[0.624s] -- Up-to-date: /home/auric/ros2_ws/TeleARM/install/TeleARM/share/TeleARM/meshes/.gitkeep
[0.625s] -- Up-to-date: /home/auric/ros2_ws/TeleARM/install/TeleARM/share/TeleARM/meshes/wheel.STL
[0.625s] -- Up-to-date: /home/auric/ros2_ws/TeleARM/install/TeleARM/lib/TeleARM/diff_drive_publisher.py
[0.626s] -- Up-to-date: /home/auric/ros2_ws/TeleARM/install/TeleARM/lib/TeleARM/cleanup_controller.py
[0.627s] -- Up-to-date: /home/auric/ros2_ws/TeleARM/install/TeleARM/lib/TeleARM/cmd_vel_relay.py
[0.627s] -- Up-to-date: /home/auric/ros2_ws/TeleARM/install/TeleARM/share/ament_index/resource_index/package_run_dependencies/TeleARM
[0.629s] -- Up-to-date: /home/auric/ros2_ws/TeleARM/install/TeleARM/share/ament_index/resource_index/parent_prefix_path/TeleARM
[0.631s] -- Up-to-date: /home/auric/ros2_ws/TeleARM/install/TeleARM/share/TeleARM/environment/ament_prefix_path.sh
[0.631s] -- Up-to-date: /home/auric/ros2_ws/TeleARM/install/TeleARM/share/TeleARM/environment/ament_prefix_path.dsv
[0.632s] -- Up-to-date: /home/auric/ros2_ws/TeleARM/install/TeleARM/share/TeleARM/environment/path.sh
[0.632s] -- Up-to-date: /home/auric/ros2_ws/TeleARM/install/TeleARM/share/TeleARM/environment/path.dsv
[0.633s] -- Up-to-date: /home/auric/ros2_ws/TeleARM/install/TeleARM/share/TeleARM/local_setup.bash
[0.633s] -- Up-to-date: /home/auric/ros2_ws/TeleARM/install/TeleARM/share/TeleARM/local_setup.sh
[0.633s] -- Up-to-date: /home/auric/ros2_ws/TeleARM/install/TeleARM/share/TeleARM/local_setup.zsh
[0.634s] -- Up-to-date: /home/auric/ros2_ws/TeleARM/install/TeleARM/share/TeleARM/local_setup.dsv
[0.634s] -- Installing: /home/auric/ros2_ws/TeleARM/install/TeleARM/share/TeleARM/package.dsv
[0.635s] -- Up-to-date: /home/auric/ros2_ws/TeleARM/install/TeleARM/share/ament_index/resource_index/packages/TeleARM
[0.635s] -- Up-to-date: /home/auric/ros2_ws/TeleARM/install/TeleARM/share/TeleARM/cmake/TeleARMConfig.cmake
[0.636s] -- Up-to-date: /home/auric/ros2_ws/TeleARM/install/TeleARM/share/TeleARM/cmake/TeleARMConfig-version.cmake
[0.636s] -- Up-to-date: /home/auric/ros2_ws/TeleARM/install/TeleARM/share/TeleARM/package.xml
[0.648s] Invoked command in '/home/auric/ros2_ws/TeleARM/build/TeleARM' returned '0': CMAKE_PREFIX_PATH=${CMAKE_PREFIX_PATH}:/opt/ros/humble /usr/bin/cmake --install /home/auric/ros2_ws/TeleARM/build/TeleARM
