[0.045s] Invoking command in '/home/auric/ros2_ws/TeleARM/build/TeleARM': CMAKE_PREFIX_PATH=/opt/ros/humble /usr/bin/cmake --build /home/auric/ros2_ws/TeleARM/build/TeleARM -- -j16 -l16
[0.076s] -- Found ament_cmake: 1.3.14 (/opt/ros/humble/share/ament_cmake/cmake)
[0.245s] -- Found ament_lint_auto: 0.12.15 (/opt/ros/humble/share/ament_lint_auto/cmake)
[0.297s] WARNING: Package name "TeleARM" does not follow the naming conventions. It should start with a lower case letter and only contain lower case letters, digits, underscores, and dashes.
[0.345s] -- Added test 'cppcheck' to perform static code analysis on C / C++ code
[0.345s] -- Configured cppcheck include dirs: 
[0.346s] -- Configured cppcheck exclude dirs and/or files: 
[0.350s] -- Added test 'flake8' to check Python code syntax and style conventions
[0.359s] -- Added test 'lint_cmake' to check CMake code style
[0.363s] -- Added test 'pep257' to check Python code against some of the docstring style conventions in PEP 257
[0.395s] -- Added test 'uncrustify' to check C / C++ code style
[0.396s] -- Configured uncrustify additional arguments: 
[0.399s] -- Added test 'xmllint' to check XML markup files
[0.401s] -- Configuring done
[0.405s] -- Generating done
[0.413s] -- Build files have been written to: /home/auric/ros2_ws/TeleARM/build/TeleARM
[0.448s] Invoked command in '/home/auric/ros2_ws/TeleARM/build/TeleARM' returned '0': CMAKE_PREFIX_PATH=/opt/ros/humble /usr/bin/cmake --build /home/auric/ros2_ws/TeleARM/build/TeleARM -- -j16 -l16
[0.462s] Invoking command in '/home/auric/ros2_ws/TeleARM/build/TeleARM': CMAKE_PREFIX_PATH=/opt/ros/humble /usr/bin/cmake --install /home/auric/ros2_ws/TeleARM/build/TeleARM
[0.471s] -- Install configuration: ""
[0.471s] -- Up-to-date: /home/auric/ros2_ws/TeleARM/install/TeleARM/share/TeleARM/launch
[0.471s] -- Up-to-date: /home/auric/ros2_ws/TeleARM/install/TeleARM/share/TeleARM/launch/online_async_launch.py
[0.472s] -- Up-to-date: /home/auric/ros2_ws/TeleARM/install/TeleARM/share/TeleARM/launch/gazebo.launch.py
[0.472s] -- Up-to-date: /home/auric/ros2_ws/TeleARM/install/TeleARM/share/TeleARM/launch/mapper_params_online_async.yaml
[0.472s] -- Up-to-date: /home/auric/ros2_ws/TeleARM/install/TeleARM/share/TeleARM/launch/navigation.launch.py
[0.472s] -- Up-to-date: /home/auric/ros2_ws/TeleARM/install/TeleARM/share/TeleARM/launch/__pycache__
[0.472s] -- Up-to-date: /home/auric/ros2_ws/TeleARM/install/TeleARM/share/TeleARM/launch/__pycache__/gazebo.launch.cpython-310.pyc
[0.472s] -- Up-to-date: /home/auric/ros2_ws/TeleARM/install/TeleARM/share/TeleARM/urdf
[0.473s] -- Up-to-date: /home/auric/ros2_ws/TeleARM/install/TeleARM/share/TeleARM/urdf/telearm.urdf.xacro
[0.473s] -- Up-to-date: /home/auric/ros2_ws/TeleARM/install/TeleARM/share/TeleARM/config
[0.473s] -- Up-to-date: /home/auric/ros2_ws/TeleARM/install/TeleARM/share/TeleARM/config/slam_config.rviz
[0.473s] -- Up-to-date: /home/auric/ros2_ws/TeleARM/install/TeleARM/share/TeleARM/config/diff_drive_controller.yaml
[0.473s] -- Up-to-date: /home/auric/ros2_ws/TeleARM/install/TeleARM/share/TeleARM/config/slam.rviz
[0.473s] -- Up-to-date: /home/auric/ros2_ws/TeleARM/install/TeleARM/share/TeleARM/config/nav2_params.yaml
[0.473s] -- Up-to-date: /home/auric/ros2_ws/TeleARM/install/TeleARM/share/TeleARM/meshes
[0.473s] -- Up-to-date: /home/auric/ros2_ws/TeleARM/install/TeleARM/share/TeleARM/meshes/body.STL
[0.473s] -- Up-to-date: /home/auric/ros2_ws/TeleARM/install/TeleARM/share/TeleARM/meshes/window.STL
[0.473s] -- Up-to-date: /home/auric/ros2_ws/TeleARM/install/TeleARM/share/TeleARM/meshes/.gitkeep
[0.473s] -- Up-to-date: /home/auric/ros2_ws/TeleARM/install/TeleARM/share/TeleARM/meshes/wheel.STL
[0.473s] -- Installing: /home/auric/ros2_ws/TeleARM/install/TeleARM/lib/TeleARM/cleanup_controller.py
[0.473s] -- Installing: /home/auric/ros2_ws/TeleARM/install/TeleARM/lib/TeleARM/cmd_vel_relay.py
[0.475s] -- Installing: /home/auric/ros2_ws/TeleARM/install/TeleARM/share/ament_index/resource_index/package_run_dependencies/TeleARM
[0.475s] -- Installing: /home/auric/ros2_ws/TeleARM/install/TeleARM/share/ament_index/resource_index/parent_prefix_path/TeleARM
[0.476s] -- Installing: /home/auric/ros2_ws/TeleARM/install/TeleARM/share/TeleARM/environment/ament_prefix_path.sh
[0.476s] -- Installing: /home/auric/ros2_ws/TeleARM/install/TeleARM/share/TeleARM/environment/ament_prefix_path.dsv
[0.477s] -- Installing: /home/auric/ros2_ws/TeleARM/install/TeleARM/share/TeleARM/environment/path.sh
[0.477s] -- Installing: /home/auric/ros2_ws/TeleARM/install/TeleARM/share/TeleARM/environment/path.dsv
[0.477s] -- Installing: /home/auric/ros2_ws/TeleARM/install/TeleARM/share/TeleARM/local_setup.bash
[0.477s] -- Installing: /home/auric/ros2_ws/TeleARM/install/TeleARM/share/TeleARM/local_setup.sh
[0.478s] -- Installing: /home/auric/ros2_ws/TeleARM/install/TeleARM/share/TeleARM/local_setup.zsh
[0.478s] -- Installing: /home/auric/ros2_ws/TeleARM/install/TeleARM/share/TeleARM/local_setup.dsv
[0.478s] -- Installing: /home/auric/ros2_ws/TeleARM/install/TeleARM/share/TeleARM/package.dsv
[0.479s] -- Installing: /home/auric/ros2_ws/TeleARM/install/TeleARM/share/ament_index/resource_index/packages/TeleARM
[0.480s] -- Installing: /home/auric/ros2_ws/TeleARM/install/TeleARM/share/TeleARM/cmake/TeleARMConfig.cmake
[0.480s] -- Installing: /home/auric/ros2_ws/TeleARM/install/TeleARM/share/TeleARM/cmake/TeleARMConfig-version.cmake
[0.480s] -- Installing: /home/auric/ros2_ws/TeleARM/install/TeleARM/share/TeleARM/package.xml
[0.484s] Invoked command in '/home/auric/ros2_ws/TeleARM/build/TeleARM' returned '0': CMAKE_PREFIX_PATH=/opt/ros/humble /usr/bin/cmake --install /home/auric/ros2_ws/TeleARM/build/TeleARM
